[ 2017-10-26T02:17:43+08:00 ] ::1 /QASystem/admin.php/Admin/User/index.html
INFO: [ app_init ] --START--
INFO: Run Behavior\BuildLiteBehavior [ RunTime:0.000013s ]
INFO: [ app_init ] --END-- [ RunTime:0.000396s ]

[ 2017-10-26T02:17:50+08:00 ] ::1 /QASystem/admin.php/Admin/User/index.html
INFO: [ app_init ] --START--
INFO: Run Behavior\BuildLiteBehavior [ RunTime:0.000020s ]
INFO: [ app_init ] --END-- [ RunTime:0.000577s ]

[ 2017-10-26T02:17:51+08:00 ] ::1 /QASystem/admin.php/Admin/User/index.html
INFO: [ app_init ] --START--
INFO: Run Behavior\BuildLiteBehavior [ RunTime:0.000005s ]
INFO: [ app_init ] --END-- [ RunTime:0.000137s ]

[ 2017-10-26T02:17:52+08:00 ] ::1 /QASystem/admin.php/Admin/User/index.html
INFO: [ app_init ] --START--
INFO: Run Behavior\BuildLiteBehavior [ RunTime:0.000007s ]
INFO: [ app_init ] --END-- [ RunTime:0.000190s ]

[ 2017-10-26T02:17:52+08:00 ] ::1 /QASystem/admin.php/Admin/User/index.html
INFO: [ app_init ] --START--
INFO: Run Behavior\BuildLiteBehavior [ RunTime:0.000013s ]
INFO: [ app_init ] --END-- [ RunTime:0.000234s ]

[ 2017-10-26T02:17:52+08:00 ] ::1 /QASystem/admin.php/Admin/User/index.html
INFO: [ app_init ] --START--
INFO: Run Behavior\BuildLiteBehavior [ RunTime:0.000006s ]
INFO: [ app_init ] --END-- [ RunTime:0.000139s ]

[ 2017-10-26T02:17:52+08:00 ] ::1 /QASystem/admin.php/Admin/User/index.html
INFO: [ app_init ] --START--
INFO: Run Behavior\BuildLiteBehavior [ RunTime:0.000016s ]
INFO: [ app_init ] --END-- [ RunTime:0.000165s ]

[ 2017-10-26T02:17:52+08:00 ] ::1 /QASystem/admin.php/Admin/User/index.html
INFO: [ app_init ] --START--
INFO: Run Behavior\BuildLiteBehavior [ RunTime:0.000006s ]
INFO: [ app_init ] --END-- [ RunTime:0.000142s ]

[ 2017-10-26T02:17:52+08:00 ] ::1 /QASystem/admin.php/Admin/User/index.html
INFO: [ app_init ] --START--
INFO: Run Behavior\BuildLiteBehavior [ RunTime:0.000006s ]
INFO: [ app_init ] --END-- [ RunTime:0.000157s ]

[ 2017-10-26T02:17:53+08:00 ] ::1 /QASystem/admin.php/Admin/User/index.html
INFO: [ app_init ] --START--
INFO: Run Behavior\BuildLiteBehavior [ RunTime:0.000004s ]
INFO: [ app_init ] --END-- [ RunTime:0.000125s ]

[ 2017-10-26T02:17:53+08:00 ] ::1 /QASystem/admin.php/Admin/User/index.html
INFO: [ app_init ] --START--
INFO: Run Behavior\BuildLiteBehavior [ RunTime:0.000006s ]
INFO: [ app_init ] --END-- [ RunTime:0.000137s ]

[ 2017-10-26T02:17:53+08:00 ] ::1 /QASystem/admin.php/Admin/User/index.html
INFO: [ app_init ] --START--
INFO: Run Behavior\BuildLiteBehavior [ RunTime:0.000005s ]
INFO: [ app_init ] --END-- [ RunTime:0.000150s ]

[ 2017-10-26T02:17:53+08:00 ] ::1 /QASystem/admin.php/Admin/User/index.html
INFO: [ app_init ] --START--
INFO: Run Behavior\BuildLiteBehavior [ RunTime:0.000014s ]
INFO: [ app_init ] --END-- [ RunTime:0.000158s ]

[ 2017-10-26T02:17:54+08:00 ] ::1 /QASystem/admin.php/Admin/User/index.html
INFO: [ app_init ] --START--
INFO: Run Behavior\BuildLiteBehavior [ RunTime:0.000005s ]
INFO: [ app_init ] --END-- [ RunTime:0.000124s ]

[ 2017-10-26T02:17:54+08:00 ] ::1 /QASystem/admin.php/Admin/User/index.html
INFO: [ app_init ] --START--
INFO: Run Behavior\BuildLiteBehavior [ RunTime:0.000006s ]
INFO: [ app_init ] --END-- [ RunTime:0.000135s ]

[ 2017-10-26T02:17:54+08:00 ] ::1 /QASystem/admin.php/Admin/User/index.html
INFO: [ app_init ] --START--
INFO: Run Behavior\BuildLiteBehavior [ RunTime:0.000008s ]
INFO: [ app_init ] --END-- [ RunTime:0.000215s ]

[ 2017-10-26T02:17:54+08:00 ] ::1 /QASystem/admin.php/Admin/User/index.html
INFO: [ app_init ] --START--
INFO: Run Behavior\BuildLiteBehavior [ RunTime:0.000006s ]
INFO: [ app_init ] --END-- [ RunTime:0.000128s ]

[ 2017-10-26T02:17:54+08:00 ] ::1 /QASystem/admin.php/Admin/User/index.html
INFO: [ app_init ] --START--
INFO: Run Behavior\BuildLiteBehavior [ RunTime:0.000006s ]
INFO: [ app_init ] --END-- [ RunTime:0.000136s ]

[ 2017-10-26T02:17:54+08:00 ] ::1 /QASystem/admin.php/Admin/User/index.html
INFO: [ app_init ] --START--
INFO: Run Behavior\BuildLiteBehavior [ RunTime:0.000005s ]
INFO: [ app_init ] --END-- [ RunTime:0.000173s ]

[ 2017-10-26T02:17:55+08:00 ] ::1 /QASystem/admin.php/Admin/User/index.html
INFO: [ app_init ] --START--
INFO: Run Behavior\BuildLiteBehavior [ RunTime:0.000005s ]
INFO: [ app_init ] --END-- [ RunTime:0.000125s ]

[ 2017-10-26T02:17:55+08:00 ] ::1 /QASystem/admin.php/Admin/User/index.html
INFO: [ app_init ] --START--
INFO: Run Behavior\BuildLiteBehavior [ RunTime:0.000008s ]
INFO: [ app_init ] --END-- [ RunTime:0.000209s ]

[ 2017-10-26T02:17:55+08:00 ] ::1 /QASystem/admin.php/Admin/User/index.html
INFO: [ app_init ] --START--
INFO: Run Behavior\BuildLiteBehavior [ RunTime:0.000006s ]
INFO: [ app_init ] --END-- [ RunTime:0.000150s ]

[ 2017-10-26T02:17:56+08:00 ] ::1 /QASystem/admin.php/Admin/User/index.html
INFO: [ app_init ] --START--
INFO: Run Behavior\BuildLiteBehavior [ RunTime:0.000005s ]
INFO: [ app_init ] --END-- [ RunTime:0.000126s ]

[ 2017-10-26T02:17:56+08:00 ] ::1 /QASystem/admin.php/Admin/User/index.html
INFO: [ app_init ] --START--
INFO: Run Behavior\BuildLiteBehavior [ RunTime:0.000005s ]
INFO: [ app_init ] --END-- [ RunTime:0.000129s ]

[ 2017-10-26T02:17:56+08:00 ] ::1 /QASystem/admin.php/Admin/User/index.html
INFO: [ app_init ] --START--
INFO: Run Behavior\BuildLiteBehavior [ RunTime:0.000007s ]
INFO: [ app_init ] --END-- [ RunTime:0.000155s ]

[ 2017-10-26T02:18:42+08:00 ] ::1 /QASystem/admin.php/Admin/User/index.html
INFO: [ app_init ] --START--
INFO: Run Behavior\BuildLiteBehavior [ RunTime:0.000005s ]
INFO: [ app_init ] --END-- [ RunTime:0.000150s ]

[ 2017-10-26T02:18:45+08:00 ] ::1 /QASystem/admin.php/Admin/User/index.html
INFO: [ app_init ] --START--
INFO: Run Behavior\BuildLiteBehavior [ RunTime:0.000011s ]
INFO: [ app_init ] --END-- [ RunTime:0.000314s ]

[ 2017-10-26T02:18:47+08:00 ] ::1 /QASystem/admin.php/Admin/Index/index.html
INFO: [ app_init ] --START--
INFO: Run Behavior\BuildLiteBehavior [ RunTime:0.000005s ]
INFO: [ app_init ] --END-- [ RunTime:0.000130s ]

[ 2017-10-26T02:18:47+08:00 ] ::1 /QASystem/admin.php/Admin/Index/assets/img/user07.png
INFO: [ app_init ] --START--
INFO: Run Behavior\BuildLiteBehavior [ RunTime:0.000005s ]
INFO: [ app_init ] --END-- [ RunTime:0.000147s ]

[ 2017-10-26T02:18:47+08:00 ] ::1 /QASystem/admin.php/Admin/Index/assets/img/user07.png
INFO: [ app_init ] --START--
INFO: Run Behavior\BuildLiteBehavior [ RunTime:0.000005s ]
INFO: [ app_init ] --END-- [ RunTime:0.000123s ]

[ 2017-10-26T02:18:48+08:00 ] ::1 /QASystem/admin.php/Admin/User/index.html
INFO: [ app_init ] --START--
INFO: Run Behavior\BuildLiteBehavior [ RunTime:0.000005s ]
INFO: [ app_init ] --END-- [ RunTime:0.000148s ]

[ 2017-10-26T02:18:50+08:00 ] ::1 /QASystem/admin.php/Admin/Index/index.html
INFO: [ app_init ] --START--
INFO: Run Behavior\BuildLiteBehavior [ RunTime:0.000005s ]
INFO: [ app_init ] --END-- [ RunTime:0.000140s ]

[ 2017-10-26T02:18:50+08:00 ] ::1 /QASystem/admin.php/Admin/Index/assets/img/user07.png
INFO: [ app_init ] --START--
INFO: Run Behavior\BuildLiteBehavior [ RunTime:0.000005s ]
INFO: [ app_init ] --END-- [ RunTime:0.000134s ]

[ 2017-10-26T02:18:50+08:00 ] ::1 /QASystem/admin.php/Admin/Index/assets/img/user07.png
INFO: [ app_init ] --START--
INFO: Run Behavior\BuildLiteBehavior [ RunTime:0.000005s ]
INFO: [ app_init ] --END-- [ RunTime:0.000122s ]

[ 2017-10-26T02:18:51+08:00 ] ::1 /QASystem/admin.php/Admin/User/index.html
INFO: [ app_init ] --START--
INFO: Run Behavior\BuildLiteBehavior [ RunTime:0.000006s ]
INFO: [ app_init ] --END-- [ RunTime:0.000134s ]

[ 2017-10-26T02:18:56+08:00 ] ::1 /QASystem/admin.php/Admin/Index/index.html
INFO: [ app_init ] --START--
INFO: Run Behavior\BuildLiteBehavior [ RunTime:0.000005s ]
INFO: [ app_init ] --END-- [ RunTime:0.000130s ]

[ 2017-10-26T02:18:56+08:00 ] ::1 /QASystem/admin.php/Admin/Index/assets/img/user07.png
INFO: [ app_init ] --START--
INFO: Run Behavior\BuildLiteBehavior [ RunTime:0.000005s ]
INFO: [ app_init ] --END-- [ RunTime:0.000123s ]

[ 2017-10-26T02:18:56+08:00 ] ::1 /QASystem/admin.php/Admin/Index/assets/img/user07.png
INFO: [ app_init ] --START--
INFO: Run Behavior\BuildLiteBehavior [ RunTime:0.000005s ]
INFO: [ app_init ] --END-- [ RunTime:0.000122s ]

[ 2017-10-26T02:19:17+08:00 ] ::1 /QASystem/admin.php/Admin/Index/index.html
INFO: [ app_init ] --START--
INFO: Run Behavior\BuildLiteBehavior [ RunTime:0.000006s ]
INFO: [ app_init ] --END-- [ RunTime:0.000134s ]

[ 2017-10-26T02:19:18+08:00 ] ::1 /QASystem/admin.php/Admin/Index/assets/img/user07.png
INFO: [ app_init ] --START--
INFO: Run Behavior\BuildLiteBehavior [ RunTime:0.000005s ]
INFO: [ app_init ] --END-- [ RunTime:0.000129s ]

[ 2017-10-26T02:19:18+08:00 ] ::1 /QASystem/admin.php/Admin/Index/assets/img/user07.png
INFO: [ app_init ] --START--
INFO: Run Behavior\BuildLiteBehavior [ RunTime:0.000005s ]
INFO: [ app_init ] --END-- [ RunTime:0.000131s ]

[ 2017-10-26T02:19:20+08:00 ] ::1 /QASystem/admin.php/Admin/User/index.html
INFO: [ app_init ] --START--
INFO: Run Behavior\BuildLiteBehavior [ RunTime:0.000005s ]
INFO: [ app_init ] --END-- [ RunTime:0.000132s ]

[ 2017-10-26T02:20:14+08:00 ] ::1 /QASystem/admin.php/Admin/User/index.html
INFO: [ app_init ] --START--
INFO: Run Behavior\BuildLiteBehavior [ RunTime:0.000011s ]
INFO: [ app_init ] --END-- [ RunTime:0.000292s ]

[ 2017-10-26T02:20:16+08:00 ] ::1 /QASystem/admin.php/Admin/Index/index.html
INFO: [ app_init ] --START--
INFO: Run Behavior\BuildLiteBehavior [ RunTime:0.000005s ]
INFO: [ app_init ] --END-- [ RunTime:0.000136s ]

[ 2017-10-26T02:20:16+08:00 ] ::1 /QASystem/admin.php/Admin/Index/assets/img/user07.png
INFO: [ app_init ] --START--
INFO: Run Behavior\BuildLiteBehavior [ RunTime:0.000005s ]
INFO: [ app_init ] --END-- [ RunTime:0.000151s ]

[ 2017-10-26T02:20:16+08:00 ] ::1 /QASystem/admin.php/Admin/Index/assets/img/user07.png
INFO: [ app_init ] --START--
INFO: Run Behavior\BuildLiteBehavior [ RunTime:0.000005s ]
INFO: [ app_init ] --END-- [ RunTime:0.000157s ]

[ 2017-10-26T02:20:17+08:00 ] ::1 /QASystem/admin.php/Admin/User/index.html
INFO: [ app_init ] --START--
INFO: Run Behavior\BuildLiteBehavior [ RunTime:0.000005s ]
INFO: [ app_init ] --END-- [ RunTime:0.000135s ]

[ 2017-10-26T02:20:18+08:00 ] ::1 /QASystem/admin.php/Admin/Index/index.html
INFO: [ app_init ] --START--
INFO: Run Behavior\BuildLiteBehavior [ RunTime:0.000005s ]
INFO: [ app_init ] --END-- [ RunTime:0.000142s ]

[ 2017-10-26T02:20:18+08:00 ] ::1 /QASystem/admin.php/Admin/Index/assets/img/user07.png
INFO: [ app_init ] --START--
INFO: Run Behavior\BuildLiteBehavior [ RunTime:0.000005s ]
INFO: [ app_init ] --END-- [ RunTime:0.000126s ]

[ 2017-10-26T02:20:18+08:00 ] ::1 /QASystem/admin.php/Admin/Index/assets/img/user07.png
INFO: [ app_init ] --START--
INFO: Run Behavior\BuildLiteBehavior [ RunTime:0.000005s ]
INFO: [ app_init ] --END-- [ RunTime:0.000124s ]

[ 2017-10-26T02:20:41+08:00 ] ::1 /QASystem/admin.php/Admin/Index/index.html
INFO: [ app_init ] --START--
INFO: Run Behavior\BuildLiteBehavior [ RunTime:0.000009s ]
INFO: [ app_init ] --END-- [ RunTime:0.000235s ]

[ 2017-10-26T02:20:54+08:00 ] ::1 /QASystem/admin.php/Admin/Index/index.html
INFO: [ app_init ] --START--
INFO: Run Behavior\BuildLiteBehavior [ RunTime:0.000013s ]
INFO: [ app_init ] --END-- [ RunTime:0.000369s ]

[ 2017-10-26T02:21:07+08:00 ] ::1 /QASystem/admin.php/Admin/Index/index.html
INFO: [ app_init ] --START--
INFO: Run Behavior\BuildLiteBehavior [ RunTime:0.000014s ]
INFO: [ app_init ] --END-- [ RunTime:0.000399s ]

[ 2017-10-26T02:21:21+08:00 ] ::1 /QASystem/admin.php/Admin/Index/index.html
INFO: [ app_init ] --START--
INFO: Run Behavior\BuildLiteBehavior [ RunTime:0.000025s ]
INFO: [ app_init ] --END-- [ RunTime:0.000559s ]

[ 2017-10-26T02:22:12+08:00 ] ::1 /QASystem/admin.php/Admin/Index/index.html
INFO: [ app_init ] --START--
INFO: Run Behavior\BuildLiteBehavior [ RunTime:0.000019s ]
INFO: [ app_init ] --END-- [ RunTime:0.000443s ]

[ 2017-10-26T02:22:22+08:00 ] ::1 /QASystem/admin.php/Admin/Index/index.html
INFO: [ app_init ] --START--
INFO: Run Behavior\BuildLiteBehavior [ RunTime:0.000009s ]
INFO: [ app_init ] --END-- [ RunTime:0.000524s ]

[ 2017-10-26T02:22:40+08:00 ] ::1 /QASystem/admin.php/Admin/Index/index.html
INFO: [ app_init ] --START--
INFO: Run Behavior\BuildLiteBehavior [ RunTime:0.000010s ]
INFO: [ app_init ] --END-- [ RunTime:0.000279s ]

[ 2017-10-26T02:23:06+08:00 ] ::1 /QASystem/admin.php/Admin/Index/index.html
INFO: [ app_init ] --START--
INFO: Run Behavior\BuildLiteBehavior [ RunTime:0.000013s ]
INFO: [ app_init ] --END-- [ RunTime:0.000375s ]

[ 2017-10-26T02:23:18+08:00 ] ::1 /QASystem/admin.php/Admin/Index/index.html
INFO: [ app_init ] --START--
INFO: Run Behavior\BuildLiteBehavior [ RunTime:0.000011s ]
INFO: [ app_init ] --END-- [ RunTime:0.000310s ]

[ 2017-10-26T02:23:36+08:00 ] ::1 /QASystem/admin.php/Admin/Index/index.html
INFO: [ app_init ] --START--
INFO: Run Behavior\BuildLiteBehavior [ RunTime:0.000005s ]
INFO: [ app_init ] --END-- [ RunTime:0.000122s ]

[ 2017-10-26T02:23:59+08:00 ] ::1 /QASystem/admin.php/Admin/Index/index.html
INFO: [ app_init ] --START--
INFO: Run Behavior\BuildLiteBehavior [ RunTime:0.000004s ]
INFO: [ app_init ] --END-- [ RunTime:0.000122s ]

[ 2017-10-26T02:24:19+08:00 ] ::1 /QASystem/admin.php/Admin/Index/index.html
INFO: [ app_init ] --START--
INFO: Run Behavior\BuildLiteBehavior [ RunTime:0.000016s ]
INFO: [ app_init ] --END-- [ RunTime:0.000434s ]

[ 2017-10-26T02:24:26+08:00 ] ::1 /QASystem/admin.php/Admin/Index/index.html
INFO: [ app_init ] --START--
INFO: Run Behavior\BuildLiteBehavior [ RunTime:0.000006s ]
INFO: [ app_init ] --END-- [ RunTime:0.000127s ]

[ 2017-10-26T02:24:39+08:00 ] ::1 /QASystem/admin.php/Admin/Index/index.html
INFO: [ app_init ] --START--
INFO: Run Behavior\BuildLiteBehavior [ RunTime:0.000013s ]
INFO: [ app_init ] --END-- [ RunTime:0.000323s ]

[ 2017-10-26T02:24:44+08:00 ] ::1 /QASystem/admin.php/Admin/Index/index.html
INFO: [ app_init ] --START--
INFO: Run Behavior\BuildLiteBehavior [ RunTime:0.000019s ]
INFO: [ app_init ] --END-- [ RunTime:0.000378s ]

[ 2017-10-26T02:24:59+08:00 ] ::1 /QASystem/admin.php/Admin/Index/index.html
INFO: [ app_init ] --START--
INFO: Run Behavior\BuildLiteBehavior [ RunTime:0.000021s ]
INFO: [ app_init ] --END-- [ RunTime:0.000585s ]

[ 2017-10-26T02:25:04+08:00 ] ::1 /QASystem/admin.php/Admin/Index/index.html
INFO: [ app_init ] --START--
INFO: Run Behavior\BuildLiteBehavior [ RunTime:0.000010s ]
INFO: [ app_init ] --END-- [ RunTime:0.000308s ]

[ 2017-10-26T02:25:14+08:00 ] ::1 /QASystem/admin.php/Admin/Index/index.html
INFO: [ app_init ] --START--
INFO: Run Behavior\BuildLiteBehavior [ RunTime:0.000010s ]
INFO: [ app_init ] --END-- [ RunTime:0.000306s ]

[ 2017-10-26T02:25:25+08:00 ] ::1 /QASystem/admin.php/Admin/Index/index.html
INFO: [ app_init ] --START--
INFO: Run Behavior\BuildLiteBehavior [ RunTime:0.000006s ]
INFO: [ app_init ] --END-- [ RunTime:0.000168s ]

[ 2017-10-26T02:25:36+08:00 ] ::1 /QASystem/admin.php/Admin/Index/index.html
INFO: [ app_init ] --START--
INFO: Run Behavior\BuildLiteBehavior [ RunTime:0.000005s ]
INFO: [ app_init ] --END-- [ RunTime:0.000130s ]

[ 2017-10-26T02:25:37+08:00 ] ::1 /QASystem/admin.php/Admin/User/index.html
INFO: [ app_init ] --START--
INFO: Run Behavior\BuildLiteBehavior [ RunTime:0.000005s ]
INFO: [ app_init ] --END-- [ RunTime:0.000133s ]

[ 2017-10-26T02:25:40+08:00 ] ::1 /QASystem/admin.php/Admin/User/index/p/3.html
INFO: [ app_init ] --START--
INFO: Run Behavior\BuildLiteBehavior [ RunTime:0.000006s ]
INFO: [ app_init ] --END-- [ RunTime:0.000134s ]

[ 2017-10-26T02:25:42+08:00 ] ::1 /QASystem/admin.php/Admin/User/index/p/4.html
INFO: [ app_init ] --START--
INFO: Run Behavior\BuildLiteBehavior [ RunTime:0.000005s ]
INFO: [ app_init ] --END-- [ RunTime:0.000133s ]

[ 2017-10-26T02:25:43+08:00 ] ::1 /QASystem/admin.php/Admin/User/index/p/6.html
INFO: [ app_init ] --START--
INFO: Run Behavior\BuildLiteBehavior [ RunTime:0.000005s ]
INFO: [ app_init ] --END-- [ RunTime:0.000130s ]

[ 2017-10-26T02:25:48+08:00 ] ::1 /QASystem/admin.php/Admin/User/index/p/5.html
INFO: [ app_init ] --START--
INFO: Run Behavior\BuildLiteBehavior [ RunTime:0.000005s ]
INFO: [ app_init ] --END-- [ RunTime:0.000134s ]

[ 2017-10-26T02:25:50+08:00 ] ::1 /QASystem/admin.php/Admin/User/index/p/1.html
INFO: [ app_init ] --START--
INFO: Run Behavior\BuildLiteBehavior [ RunTime:0.000005s ]
INFO: [ app_init ] --END-- [ RunTime:0.000133s ]

[ 2017-10-26T02:26:07+08:00 ] ::1 /QASystem/admin.php/Admin/Index/index.html
INFO: [ app_init ] --START--
INFO: Run Behavior\BuildLiteBehavior [ RunTime:0.000005s ]
INFO: [ app_init ] --END-- [ RunTime:0.000135s ]

[ 2017-10-26T02:26:09+08:00 ] ::1 /QASystem/admin.php/Admin/User/index.html
INFO: [ app_init ] --START--
INFO: Run Behavior\BuildLiteBehavior [ RunTime:0.000006s ]
INFO: [ app_init ] --END-- [ RunTime:0.000132s ]

[ 2017-10-26T07:33:03+08:00 ] ::1 /QASystem/admin.php/Admin/User/index.html
INFO: [ app_init ] --START--
INFO: Run Behavior\BuildLiteBehavior [ RunTime:0.000010s ]
INFO: [ app_init ] --END-- [ RunTime:0.000452s ]

[ 2017-10-26T09:28:59+08:00 ] ::1 /QASystem/admin.php/Admin/Index/index.html
INFO: [ app_init ] --START--
INFO: Run Behavior\BuildLiteBehavior [ RunTime:0.000008s ]
INFO: [ app_init ] --END-- [ RunTime:0.000436s ]

[ 2017-10-26T09:29:00+08:00 ] ::1 /QASystem/admin.php/Admin/User/index.html
INFO: [ app_init ] --START--
INFO: Run Behavior\BuildLiteBehavior [ RunTime:0.000007s ]
INFO: [ app_init ] --END-- [ RunTime:0.000143s ]

[ 2017-10-26T09:30:29+08:00 ] ::1 /QASystem/admin.php/Admin/User/index.html
INFO: [ app_init ] --START--
INFO: Run Behavior\BuildLiteBehavior [ RunTime:0.000005s ]
INFO: [ app_init ] --END-- [ RunTime:0.000123s ]

[ 2017-10-26T09:31:00+08:00 ] ::1 /QASystem/admin.php/Admin/User/index.html
INFO: [ app_init ] --START--
INFO: Run Behavior\BuildLiteBehavior [ RunTime:0.000005s ]
INFO: [ app_init ] --END-- [ RunTime:0.000121s ]

[ 2017-10-26T09:31:05+08:00 ] ::1 /QASystem/admin.php/Admin/Index/index.html
INFO: [ app_init ] --START--
INFO: Run Behavior\BuildLiteBehavior [ RunTime:0.000005s ]
INFO: [ app_init ] --END-- [ RunTime:0.000134s ]

[ 2017-10-26T09:31:06+08:00 ] ::1 /QASystem/admin.php/Admin/User/index.html
INFO: [ app_init ] --START--
INFO: Run Behavior\BuildLiteBehavior [ RunTime:0.000005s ]
INFO: [ app_init ] --END-- [ RunTime:0.000125s ]

[ 2017-10-26T09:31:21+08:00 ] ::1 /QASystem/admin.php/Admin/Index/Exits.html
INFO: [ app_init ] --START--
INFO: Run Behavior\BuildLiteBehavior [ RunTime:0.000008s ]
INFO: [ app_init ] --END-- [ RunTime:0.000198s ]

[ 2017-10-26T09:31:21+08:00 ] ::1 /QASystem/admin.php/Admin/Index/index.html
INFO: [ app_init ] --START--
INFO: Run Behavior\BuildLiteBehavior [ RunTime:0.000005s ]
INFO: [ app_init ] --END-- [ RunTime:0.000128s ]

[ 2017-10-26T09:31:21+08:00 ] ::1 /QASystem/admin.php/Admin/Index/Login.html
INFO: [ app_init ] --START--
INFO: Run Behavior\BuildLiteBehavior [ RunTime:0.000005s ]
INFO: [ app_init ] --END-- [ RunTime:0.000130s ]

[ 2017-10-26T09:31:25+08:00 ] ::1 /QASystem/admin.php/Admin/Index/CheckLogin.html
INFO: [ app_init ] --START--
INFO: Run Behavior\BuildLiteBehavior [ RunTime:0.000005s ]
INFO: [ app_init ] --END-- [ RunTime:0.000146s ]
INFO: [ app_begin ] --START--
INFO: Run Behavior\ReadHtmlCacheBehavior [ RunTime:0.000183s ]
INFO: [ app_begin ] --END-- [ RunTime:0.000197s ]
SQL: SHOW COLUMNS FROM `admininfo` [ RunTime:0.0005s ]
NOTIC: [2] addslashes() expects parameter 1 to be string, array given C:\WWW\QASystem\ThinkPHP\Library\Think\Db\Driver.class.php 第 1031 行.
NOTIC: [2] addslashes() expects parameter 1 to be string, array given C:\WWW\QASystem\ThinkPHP\Library\Think\Db\Driver.class.php 第 1031 行.
SQL: SELECT * FROM `admininfo` WHERE `account` = '' AND `password` = ''  [ RunTime:0.0003s ]

[ 2017-10-26T09:31:31+08:00 ] ::1 /QASystem/admin.php/Admin/Index/CheckLogin.html
INFO: [ app_init ] --START--
INFO: Run Behavior\BuildLiteBehavior [ RunTime:0.000005s ]
INFO: [ app_init ] --END-- [ RunTime:0.000131s ]
INFO: [ app_begin ] --START--
INFO: Run Behavior\ReadHtmlCacheBehavior [ RunTime:0.000198s ]
INFO: [ app_begin ] --END-- [ RunTime:0.000214s ]
SQL: SHOW COLUMNS FROM `admininfo` [ RunTime:0.0004s ]
NOTIC: [2] addslashes() expects parameter 1 to be string, array given C:\WWW\QASystem\ThinkPHP\Library\Think\Db\Driver.class.php 第 1031 行.
NOTIC: [2] addslashes() expects parameter 1 to be string, array given C:\WWW\QASystem\ThinkPHP\Library\Think\Db\Driver.class.php 第 1031 行.
SQL: SELECT * FROM `admininfo` WHERE `account` = '' AND `password` = ''  [ RunTime:0.0002s ]

[ 2017-10-26T09:31:31+08:00 ] ::1 /QASystem/admin.php/Admin/Index/index.html
INFO: [ app_init ] --START--
INFO: Run Behavior\BuildLiteBehavior [ RunTime:0.000007s ]
INFO: [ app_init ] --END-- [ RunTime:0.000184s ]

[ 2017-10-26T09:31:33+08:00 ] ::1 /QASystem/admin.php/Admin/User/index.html
INFO: [ app_init ] --START--
INFO: Run Behavior\BuildLiteBehavior [ RunTime:0.000006s ]
INFO: [ app_init ] --END-- [ RunTime:0.000133s ]

[ 2017-10-26T09:32:12+08:00 ] ::1 /QASystem/admin.php/Admin/User/index/p/3.html
INFO: [ app_init ] --START--
INFO: Run Behavior\BuildLiteBehavior [ RunTime:0.000005s ]
INFO: [ app_init ] --END-- [ RunTime:0.000133s ]

[ 2017-10-26T09:32:13+08:00 ] ::1 /QASystem/admin.php/Admin/User/index/p/2.html
INFO: [ app_init ] --START--
INFO: Run Behavior\BuildLiteBehavior [ RunTime:0.000005s ]
INFO: [ app_init ] --END-- [ RunTime:0.000148s ]

[ 2017-10-26T09:32:15+08:00 ] ::1 /QASystem/admin.php/Admin/User/index/p/1.html
INFO: [ app_init ] --START--
INFO: Run Behavior\BuildLiteBehavior [ RunTime:0.000006s ]
INFO: [ app_init ] --END-- [ RunTime:0.000128s ]

